<?xml version="1.0" encoding="UTF-8"?>
<!-- Generated by org.testng.reporters.JUnitXMLReporter -->
<testsuite ignored="0" hostname="DESKTOP-CL4KTUF" failures="0" tests="1" name="Validating title in the Page" time="0.129" errors="0" timestamp="2020-06-27T12:24:36 IST">
  <testcase classname="Academy.validateTitle" name="@BeforeTest initialize" time="0.002">
    <failure type="java.lang.NullPointerException">
      <![CDATA[java.lang.NullPointerException
at resources.base.initializeDriver(base.java:37)
at Academy.validateTitle.initialize(validateTitle.java:28)
... Removed 24 stack frames]]>
    </failure>
  </testcase> <!-- @BeforeTest initialize -->
  <testcase classname="Academy.validateTitle" name="@AfterTest teardown" time="-1.593240876735E9">
    <skipped/>
  </testcase> <!-- @AfterTest teardown -->
  <testcase classname="Academy.validateTitle" name="validateAppTitle" time="0.0">
    <skipped/>
  </testcase> <!-- validateAppTitle -->
</testsuite> <!-- Validating title in the Page -->
