<?xml version="1.0" encoding="UTF-8"?>
<!-- Generated by org.testng.reporters.JUnitXMLReporter -->
<testsuite ignored="0" hostname="DESKTOP-CL4KTUF" failures="0" tests="1" name="Validating navigation Bar" time="0.053" errors="0" timestamp="2020-06-27T12:24:36 IST">
  <testcase classname="Academy.validateNavigationBar" name="@BeforeTest initialize" time="0.002">
    <failure type="java.lang.NullPointerException">
      <![CDATA[java.lang.NullPointerException
at resources.base.initializeDriver(base.java:37)
at Academy.validateNavigationBar.initialize(validateNavigationBar.java:32)
... Removed 24 stack frames]]>
    </failure>
  </testcase> <!-- @BeforeTest initialize -->
  <testcase classname="Academy.validateNavigationBar" name="@AfterTest teardown" time="-1.593240876937E9">
    <skipped/>
  </testcase> <!-- @AfterTest teardown -->
  <testcase classname="Academy.validateNavigationBar" name="validateAppNavBar" time="0.001">
    <skipped/>
  </testcase> <!-- validateAppNavBar -->
</testsuite> <!-- Validating navigation Bar -->
